[debug] [2020-01-08T01:02:52.913Z] ----------------------------------------------------------------------
[debug] [2020-01-08T01:02:52.915Z] Command:       C:\Program Files\nodejs\node.exe C:\Users\anabe\AppData\Roaming\npm\node_modules\firebase-tools\lib\bin\firebase.js update
[debug] [2020-01-08T01:02:52.916Z] CLI Version:   7.11.0
[debug] [2020-01-08T01:02:52.916Z] Platform:      win32
[debug] [2020-01-08T01:02:52.916Z] Node Version:  v12.4.0
[debug] [2020-01-08T01:02:52.917Z] Time:          Tue Jan 07 2020 22:02:52 GMT-0300 (GMT-03:00)
[debug] [2020-01-08T01:02:52.917Z] ----------------------------------------------------------------------
[debug] [2020-01-08T01:02:52.917Z] 
[error] Error: [object Object] is not a Firebase command
[debug] [2020-01-08T01:02:52.929Z] TypeError: str.toLowerCase is not a function
    at didYouMean (C:\Users\anabe\AppData\Roaming\npm\node_modules\firebase-tools\node_modules\didyoumean\didYouMean-1.2.1.js:147:48)
    at suggestCommands (C:\Users\anabe\AppData\Roaming\npm\node_modules\firebase-tools\lib\index.js:28:22)
    at Command.<anonymous> (C:\Users\anabe\AppData\Roaming\npm\node_modules\firebase-tools\lib\index.js:57:14)
    at Command.listener (C:\Users\anabe\AppData\Roaming\npm\node_modules\firebase-tools\node_modules\commander\index.js:370:29)
    at Command.emit (events.js:200:13)
    at Command.EventEmitter.emit (domain.js:471:20)
    at Command.parseArgs (C:\Users\anabe\AppData\Roaming\npm\node_modules\firebase-tools\node_modules\commander\index.js:894:12)
    at Command.parse (C:\Users\anabe\AppData\Roaming\npm\node_modules\firebase-tools\node_modules\commander\index.js:642:21)
    at Object.<anonymous> (C:\Users\anabe\AppData\Roaming\npm\node_modules\firebase-tools\lib\bin\firebase.js:98:22)
    at Module._compile (internal/modules/cjs/loader.js:774:30)
    at Object.Module._extensions..js (internal/modules/cjs/loader.js:785:10)
    at Module.load (internal/modules/cjs/loader.js:641:32)
    at Function.Module._load (internal/modules/cjs/loader.js:556:12)
    at Function.Module.runMain (internal/modules/cjs/loader.js:837:10)
    at internal/main/run_main_module.js:17:11
[error] 
[error] Error: An unexpected error has occurred.
